c:\users\alang\desktop\renderer3v2\tmp\base\debug64\vc143.pdb
c:\users\alang\desktop\renderer3v2\tmp\base\debug64\pathstr.obj
c:\users\alang\desktop\renderer3v2\tmp\base\debug64\outfile.obj
c:\users\alang\desktop\renderer3v2\tmp\base\debug64\object_map.obj
c:\users\alang\desktop\renderer3v2\tmp\base\debug64\mpsync.obj
c:\users\alang\desktop\renderer3v2\tmp\base\debug64\memstream.obj
c:\users\alang\desktop\renderer3v2\tmp\base\debug64\memclass.obj
c:\users\alang\desktop\renderer3v2\tmp\base\debug64\marray.obj
c:\users\alang\desktop\renderer3v2\tmp\base\debug64\iuser.obj
c:\users\alang\desktop\renderer3v2\tmp\base\debug64\input_file.obj
c:\users\alang\desktop\renderer3v2\tmp\base\debug64\iarray.obj
c:\users\alang\desktop\renderer3v2\tmp\base\debug64\guid.obj
c:\users\alang\desktop\renderer3v2\tmp\base\debug64\frw.obj
c:\users\alang\desktop\renderer3v2\tmp\base\debug64\filestream.obj
c:\users\alang\desktop\renderer3v2\tmp\base\debug64\file.obj
c:\users\alang\desktop\renderer3v2\tmp\base\debug64\envi.obj
c:\users\alang\desktop\renderer3v2\tmp\base\debug64\cputopology.obj
c:\users\alang\desktop\renderer3v2\tmp\base\debug64\cores.obj
c:\users\alang\desktop\renderer3v2\tmp\base\debug64\config.obj
c:\users\alang\desktop\renderer3v2\tmp\base\debug64\batchuser.obj
c:\users\alang\desktop\renderer3v2\tmp\base\debug64\annfile.obj
c:\users\alang\desktop\renderer3v2\tmp\base\debug64\ustr.obj
c:\users\alang\desktop\renderer3v2\tmp\base\debug64\user.obj
c:\users\alang\desktop\renderer3v2\tmp\base\debug64\tsync.obj
c:\users\alang\desktop\renderer3v2\tmp\base\debug64\time.obj
c:\users\alang\desktop\renderer3v2\tmp\base\debug64\thread_time.obj
c:\users\alang\desktop\renderer3v2\tmp\base\debug64\threads.obj
c:\users\alang\desktop\renderer3v2\tmp\base\debug64\str.obj
c:\users\alang\desktop\renderer3v2\tmp\base\debug64\serializer.obj
c:\users\alang\desktop\renderer3v2\tmp\base\debug64\plugins.obj
c:\users\alang\desktop\renderer3v2\tmp\base\debug64\assert.obj
c:\users\alang\desktop\renderer3v2\tmp\base\debug64\thread_group.obj
c:\users\alang\desktop\renderer3v2\tmp\base\debug64\map_envelop.obj
c:\users\alang\desktop\renderer3v2\tmp\base\debug64\base.ilk
c:\users\alang\desktop\renderer3v2\bind64\base.dll
c:\users\alang\desktop\renderer3v2\bind64\base.pdb
c:\users\alang\desktop\renderer3v2\libd64\base.lib
c:\users\alang\desktop\renderer3v2\libd64\base.exp
c:\users\alang\desktop\renderer3v2/bind64\base.pdb
c:\users\alang\desktop\renderer3v2/tmp/base/debug64\base.vcxproj.filelistabsolute.txt
c:\users\alang\desktop\renderer3v2\tmp\base\debug64\base.tlog\cl.command.1.tlog
c:\users\alang\desktop\renderer3v2\tmp\base\debug64\base.tlog\cl.read.1.tlog
c:\users\alang\desktop\renderer3v2\tmp\base\debug64\base.tlog\cl.write.1.tlog
c:\users\alang\desktop\renderer3v2\tmp\base\debug64\base.tlog\link.command.1.tlog
c:\users\alang\desktop\renderer3v2\tmp\base\debug64\base.tlog\link.read.1.tlog
c:\users\alang\desktop\renderer3v2\tmp\base\debug64\base.tlog\link.write.1.tlog
c:\users\alang\desktop\renderer3v2\tmp\base\debug64\base.tlog\link.write.2u.tlog
