  annfile.cpp
  batchuser.cpp
  config.cpp
  cores.cxx
  cputopology.cxx
  envi.cpp
  file.cpp
  filestream.cpp
  frw.cpp
  guid.cpp
  iarray.cpp
  input_file.cpp
  iuser.cpp
  marray.cpp
  memclass.cpp
  memstream.cpp
  mpsync.cpp
  object_map.cpp
  outfile.cpp
  pathstr.cpp
  Создание кода...
  Компиляция...
  plugins.cpp
  serializer.cpp
  str.cpp
  threads.cpp
  thread_time.cxx
  time.cpp
  tsync.cpp
  user.cpp
  ustr.cpp
  Создание кода...
  assert.c
  map_envelop.cxx
  thread_group.cpp
  Создание кода...
C:\Program Files\Microsoft Visual Studio\2022\Community\MSBuild\Microsoft\VC\v170\Microsoft.CppCommon.targets(1096,5): error MSB6006: "link.exe" завершилась с кодом 1104.
LINK : fatal error LNK1104: не удается открыть файл "math.lib"
