c:\users\alang\desktop\renderer3v2\tmp\base\release64\pathstr.obj
c:\users\alang\desktop\renderer3v2\tmp\base\release64\outfile.obj
c:\users\alang\desktop\renderer3v2\tmp\base\release64\object_map.obj
c:\users\alang\desktop\renderer3v2\tmp\base\release64\mpsync.obj
c:\users\alang\desktop\renderer3v2\tmp\base\release64\memstream.obj
c:\users\alang\desktop\renderer3v2\tmp\base\release64\memclass.obj
c:\users\alang\desktop\renderer3v2\tmp\base\release64\marray.obj
c:\users\alang\desktop\renderer3v2\tmp\base\release64\iuser.obj
c:\users\alang\desktop\renderer3v2\tmp\base\release64\input_file.obj
c:\users\alang\desktop\renderer3v2\tmp\base\release64\iarray.obj
c:\users\alang\desktop\renderer3v2\tmp\base\release64\guid.obj
c:\users\alang\desktop\renderer3v2\tmp\base\release64\frw.obj
c:\users\alang\desktop\renderer3v2\tmp\base\release64\filestream.obj
c:\users\alang\desktop\renderer3v2\tmp\base\release64\file.obj
c:\users\alang\desktop\renderer3v2\tmp\base\release64\envi.obj
c:\users\alang\desktop\renderer3v2\tmp\base\release64\cputopology.obj
c:\users\alang\desktop\renderer3v2\tmp\base\release64\cores.obj
c:\users\alang\desktop\renderer3v2\tmp\base\release64\config.obj
c:\users\alang\desktop\renderer3v2\tmp\base\release64\batchuser.obj
c:\users\alang\desktop\renderer3v2\tmp\base\release64\annfile.obj
c:\users\alang\desktop\renderer3v2\tmp\base\release64\ustr.obj
c:\users\alang\desktop\renderer3v2\tmp\base\release64\user.obj
c:\users\alang\desktop\renderer3v2\tmp\base\release64\tsync.obj
c:\users\alang\desktop\renderer3v2\tmp\base\release64\time.obj
c:\users\alang\desktop\renderer3v2\tmp\base\release64\thread_time.obj
c:\users\alang\desktop\renderer3v2\tmp\base\release64\threads.obj
c:\users\alang\desktop\renderer3v2\tmp\base\release64\str.obj
c:\users\alang\desktop\renderer3v2\tmp\base\release64\serializer.obj
c:\users\alang\desktop\renderer3v2\tmp\base\release64\plugins.obj
c:\users\alang\desktop\renderer3v2\tmp\base\release64\assert.obj
c:\users\alang\desktop\renderer3v2\tmp\base\release64\thread_group.obj
c:\users\alang\desktop\renderer3v2\tmp\base\release64\map_envelop.obj
c:\users\alang\desktop\renderer3v2/tmp/base/release64\base.vcxproj.filelistabsolute.txt
c:\users\alang\desktop\renderer3v2\tmp\base\release64\base.tlog\cl.command.1.tlog
c:\users\alang\desktop\renderer3v2\tmp\base\release64\base.tlog\cl.read.1.tlog
c:\users\alang\desktop\renderer3v2\tmp\base\release64\base.tlog\cl.write.1.tlog
c:\users\alang\desktop\renderer3v2\tmp\base\release64\base.tlog\link.command.1.tlog
c:\users\alang\desktop\renderer3v2\tmp\base\release64\base.tlog\link.read.1.tlog
c:\users\alang\desktop\renderer3v2\tmp\base\release64\base.tlog\link.write.1.tlog
