c:\users\alang\desktop\renderer3v2\libd64\math.pdb
c:\users\alang\desktop\renderer3v2\tmp\math\debug64\vect4.obj
c:\users\alang\desktop\renderer3v2\tmp\math\debug64\vect3.obj
c:\users\alang\desktop\renderer3v2\tmp\math\debug64\vect2.obj
c:\users\alang\desktop\renderer3v2\tmp\math\debug64\sunloc.obj
c:\users\alang\desktop\renderer3v2\tmp\math\debug64\rnd.obj
c:\users\alang\desktop\renderer3v2\tmp\math\debug64\phys_const.obj
c:\users\alang\desktop\renderer3v2\tmp\math\debug64\nrnd.obj
c:\users\alang\desktop\renderer3v2\tmp\math\debug64\matrix43.obj
c:\users\alang\desktop\renderer3v2\tmp\math\debug64\matrix4.obj
c:\users\alang\desktop\renderer3v2\tmp\math\debug64\matrix3.obj
c:\users\alang\desktop\renderer3v2\tmp\math\debug64\matrix2.obj
c:\users\alang\desktop\renderer3v2\tmp\math\debug64\math.obj
c:\users\alang\desktop\renderer3v2\tmp\math\debug64\coordsys.obj
c:\users\alang\desktop\renderer3v2\tmp\math\debug64\complex.obj
c:\users\alang\desktop\renderer3v2\tmp\math\debug64\bsphere3.obj
c:\users\alang\desktop\renderer3v2\tmp\math\debug64\quatern.obj
c:\users\alang\desktop\renderer3v2\libd64\math.lib
c:\users\alang\desktop\renderer3v2/libd64\math.pdb
c:\users\alang\desktop\renderer3v2/tmp/math/debug64\math.vcxproj.filelistabsolute.txt
c:\users\alang\desktop\renderer3v2\tmp\math\debug64\math.tlog\cl.command.1.tlog
c:\users\alang\desktop\renderer3v2\tmp\math\debug64\math.tlog\cl.read.1.tlog
c:\users\alang\desktop\renderer3v2\tmp\math\debug64\math.tlog\cl.write.1.tlog
c:\users\alang\desktop\renderer3v2\tmp\math\debug64\math.tlog\lib-link.read.1.tlog
c:\users\alang\desktop\renderer3v2\tmp\math\debug64\math.tlog\lib-link.write.1.tlog
c:\users\alang\desktop\renderer3v2\tmp\math\debug64\math.tlog\lib.command.1.tlog
